<?xml version="1.0" encoding="UTF-8"?>
<testng-results ignored="0" total="2" passed="1" failed="1" skipped="0">
  <reporter-output>
  </reporter-output>
  <suite started-at="2023-03-17T19:45:56 IST" name="Surefire suite" finished-at="2023-03-17T19:46:19 IST" duration-ms="22580">
    <groups>
      <group name="cucumber">
        <method signature="AbstractTestNGCucumberTests.runScenario(io.cucumber.testng.PickleWrapper,io.cucumber.testng.FeatureWrapper)[pri:0, instance:cucumberOptions.TestngTestRunner@470f1802]" name="runScenario" class="io.cucumber.testng.AbstractTestNGCucumberTests"/>
      </group> <!-- cucumber -->
    </groups>
    <test started-at="2023-03-17T19:45:56 IST" name="Surefire test" finished-at="2023-03-17T19:46:19 IST" duration-ms="22580">
      <class name="cucumberOptions.TestngTestRunner">
        <test-method is-config="true" signature="setUpClass(org.testng.ITestContext)[pri:0, instance:cucumberOptions.TestngTestRunner@470f1802]" started-at="2023-03-17T19:45:56 IST" name="setUpClass" finished-at="2023-03-17T19:45:58 IST" duration-ms="1597" status="PASS">
          <params>
            <param index="0">
              <value>
                <![CDATA[org.testng.TestRunner@58399d82]]>
              </value>
            </param>
          </params>
          <reporter-output>
          </reporter-output>
        </test-method> <!-- setUpClass -->
        <test-method signature="runScenario(io.cucumber.testng.PickleWrapper,io.cucumber.testng.FeatureWrapper)[pri:0, instance:cucumberOptions.TestngTestRunner@470f1802]" started-at="2023-03-17T19:45:58 IST" name="runScenario" description="Runs Cucumber Scenarios" data-provider="scenarios" finished-at="2023-03-17T19:46:18 IST" duration-ms="19949" status="PASS">
          <params>
            <param index="0">
              <value>
                <![CDATA["Search for product in both home and offer page validation"]]>
              </value>
            </param>
            <param index="1">
              <value>
                <![CDATA["Validate search Product functionality"]]>
              </value>
            </param>
          </params>
          <reporter-output>
          </reporter-output>
        </test-method> <!-- runScenario -->
        <test-method signature="runScenario(io.cucumber.testng.PickleWrapper,io.cucumber.testng.FeatureWrapper)[pri:0, instance:cucumberOptions.TestngTestRunner@470f1802]" started-at="2023-03-17T19:45:58 IST" name="runScenario" description="Runs Cucumber Scenarios" data-provider="scenarios" finished-at="2023-03-17T19:46:18 IST" duration-ms="19743" status="FAIL">
          <params>
            <param index="0">
              <value>
                <![CDATA["Search for product in both home and offer page validation"]]>
              </value>
            </param>
            <param index="1">
              <value>
                <![CDATA["Validate search Product functionality"]]>
              </value>
            </param>
          </params>
          <exception class="java.lang.AssertionError">
            <message>
              <![CDATA[expected [Beetroot] but found [No data]]]>
            </message>
            <full-stacktrace>
              <![CDATA[java.lang.AssertionError: expected [Beetroot] but found [No data]
at org.testng.Assert.fail(Assert.java:110)
at org.testng.Assert.failNotEquals(Assert.java:1577)
at org.testng.Assert.assertEqualsImpl(Assert.java:149)
at org.testng.Assert.assertEquals(Assert.java:131)
at org.testng.Assert.assertEquals(Assert.java:655)
at org.testng.Assert.assertEquals(Assert.java:665)
at stepDefinitions.OfferPageStepDefinition.verify_that_product_name_from_offer_page_is_matching_with_the_product_name_from_offer_page(OfferPageStepDefinition.java:64)
at âœ½.Verify that productName from offer page is matching with the productName from offer page(file:///D:/eclipse-workspace/CucumberFramework/src/test/java/features/searchProduct.feature:8)
]]>
            </full-stacktrace>
          </exception> <!-- java.lang.AssertionError -->
          <reporter-output>
          </reporter-output>
        </test-method> <!-- runScenario -->
        <test-method is-config="true" signature="tearDownClass()[pri:0, instance:cucumberOptions.TestngTestRunner@470f1802]" started-at="2023-03-17T19:46:18 IST" name="tearDownClass" finished-at="2023-03-17T19:46:19 IST" duration-ms="933" status="PASS">
          <reporter-output>
          </reporter-output>
        </test-method> <!-- tearDownClass -->
      </class> <!-- cucumberOptions.TestngTestRunner -->
    </test> <!-- Surefire test -->
  </suite> <!-- Surefire suite -->
</testng-results>
