-------------------------------------------------------------------------------
Test set: TestSuite
-------------------------------------------------------------------------------
Tests run: 2, Failures: 1, Errors: 0, Skipped: 0, Time elapsed: 23.863 s <<< FAILURE! - in TestSuite
runScenario(cucumberOptions.TestngTestRunner)  Time elapsed: 19.756 s  <<< FAILURE!
java.lang.AssertionError: expected [Beetroot] but found [No data]

